<?xml version="1.0" encoding="UTF-8"?>
<!-- Generated by org.testng.reporters.JUnitReportReporter -->
<testsuite skipped="0" hostname="DESKTOP-EHD4VPN" name="com.sn.Testcases.IncidentCreateTest" tests="1" failures="0" timestamp="2022-05-11T14:32:08 IST" time="165.874" errors="0">
  <testcase name="incidentCreate01" time="165.874" classname="com.sn.Testcases.IncidentCreateTest"/>
  <system-out/>
</testsuite> <!-- com.sn.Testcases.IncidentCreateTest -->
