<?xml version="1.0" encoding="UTF-8"?>
<!-- Generated by org.testng.reporters.JUnitReportReporter -->
<testsuite skipped="0" hostname="DESKTOP-EHD4VPN" name="com.sn.Testcases.ProblemcreateTest" tests="1" failures="0" timestamp="2022-05-19T13:08:17 IST" time="181.915" errors="0">
  <testcase name="problemcreate" time="181.915" classname="com.sn.Testcases.ProblemcreateTest"/>
  <system-out/>
</testsuite> <!-- com.sn.Testcases.ProblemcreateTest -->
